"R.version.3.5.0..2018.04.23."
"Platform: x86_64-apple-darwin15.6.0 (64-bit)"
"Running under: macOS High Sierra 10.13.6"
"Matrix products: default"
"BLAS: /System/Library/Frameworks/Accelerate.framework/Versions/A/Frameworks/vecLib.framework/Versions/A/libBLAS.dylib"
"LAPACK: /Library/Frameworks/R.framework/Versions/3.5/Resources/lib/libRlapack.dylib"
"locale:"
"[1] en_US.UTF-8/en_US.UTF-8/en_US.UTF-8/C/en_US.UTF-8/en_US.UTF-8"
"attached base packages:"
"[1] stats     graphics  grDevices utils     datasets  methods   base     "
"other attached packages:"
"[1] MSstatsTMT_0.4.3"
"loaded via a namespace (and not attached):"
" [1] Biobase_2.40.0        httr_1.3.1            tidyr_0.8.1           jsonlite_1.5          splines_3.5.0        "
" [6] foreach_1.4.4         gtools_3.8.1          assertthat_0.2.0      affy_1.58.0           stats4_3.5.0         "
"[11] RBGL_1.56.0           yaml_2.2.0            ggrepel_0.8.0         backports_1.1.2       pillar_1.3.0         "
"[16] lattice_0.20-35       glue_1.3.0            limma_3.36.3          RUnit_0.4.32          digest_0.6.16        "
"[21] doSNOW_1.0.16         randomForest_4.6-14   minqa_1.2.4           colorspace_1.3-2      htmltools_0.3.6      "
"[26] preprocessCore_1.42.0 Matrix_1.2-14         plyr_1.8.4            devtools_1.13.6       XML_3.98-1.16        "
"[31] pkgconfig_2.0.2       zlibbioc_1.26.0       purrr_0.2.5           scales_1.0.0          snow_0.4-2           "
"[36] gdata_2.18.0          stringdist_0.9.5.1    whisker_0.3-2         getopt_1.20.2         affyio_1.50.0        "
"[41] optparse_1.6.0        lme4_1.1-18-1         tibble_1.4.2          biocViews_1.48.3      ggplot2_3.0.0        "
"[46] withr_2.1.2           BiocGenerics_0.26.0   lazyeval_0.2.1        survival_2.42-6       magrittr_1.5         "
"[51] crayon_1.3.4          memoise_1.1.0         evaluate_0.11         nlme_3.1-137          MASS_7.3-50          "
"[56] gplots_3.0.1          graph_1.58.0          BiocInstaller_1.30.0  rsconnect_0.8.8       tools_3.5.0          "
"[61] data.table_1.11.4     minpack.lm_1.2-1      matrixStats_0.54.0    stringr_1.3.1         munsell_0.5.0        "
"[66] MSstats_3.12.3        bindrcpp_0.2.2        compiler_3.5.0        caTools_1.17.1.1      rlang_0.2.2          "
"[71] grid_3.5.0            RCurl_1.95-4.11       nloptr_1.0.4          iterators_1.0.10      rstudioapi_0.7       "
"[76] marray_1.58.0         bitops_1.0-6          rmarkdown_1.10        testthat_2.0.0        gtable_0.2.0         "
"[81] codetools_0.2-15      curl_3.2              reshape2_1.4.3        R6_2.2.2              knitr_1.20           "
"[86] dplyr_0.7.6           rprojroot_1.3-2       bindr_0.1.1           KernSmooth_2.23-15    stringi_1.2.4        "
"[91] parallel_3.5.0        Rcpp_0.12.18          BiocCheck_1.16.0      tidyselect_0.2.4     "
" "
" "
"MSstatsTMT - protein.summarization function"
" "
"Method for protein summarization : MedianPolish"
"Normalization between MS runs : TRUE"
