"R.version.3.5.0..2018.04.23."
"Platform: x86_64-apple-darwin15.6.0 (64-bit)"
"Running under: macOS High Sierra 10.13.6"
"Matrix products: default"
"BLAS: /Library/Frameworks/R.framework/Versions/3.5/Resources/lib/libRblas.0.dylib"
"LAPACK: /Library/Frameworks/R.framework/Versions/3.5/Resources/lib/libRlapack.dylib"
"locale:"
"[1] en_US.UTF-8/en_US.UTF-8/en_US.UTF-8/C/en_US.UTF-8/en_US.UTF-8"
"attached base packages:"
"[1] stats     graphics  grDevices utils     datasets  methods   base     "
"other attached packages:"
"[1] MSstatsTMT_0.4.3"
"loaded via a namespace (and not attached):"
" [1] MSstats_3.12.3        gtools_3.8.1          minpack.lm_1.2-1     "
" [4] tidyselect_0.2.4      reshape2_1.4.3        purrr_0.2.5          "
" [7] splines_3.5.0         lattice_0.20-35       colorspace_1.3-2     "
"[10] doSNOW_1.0.16         htmltools_0.3.6       snow_0.4-2           "
"[13] yaml_2.2.0            marray_1.58.0         survival_2.42-6      "
"[16] rlang_0.2.2           pillar_1.3.0          nloptr_1.0.4         "
"[19] glue_1.3.0            bindrcpp_0.2.2        matrixStats_0.54.0   "
"[22] foreach_1.4.4         bindr_0.1.1           plyr_1.8.4           "
"[25] stringr_1.3.1         munsell_0.5.0         gtable_0.2.0         "
"[28] caTools_1.17.1.1      codetools_0.2-15      evaluate_0.11        "
"[31] knitr_1.20            preprocessCore_1.42.0 Rcpp_0.12.18         "
"[34] KernSmooth_2.23-15    scales_1.0.0          backports_1.1.2      "
"[37] limma_3.36.3          gdata_2.18.0          lme4_1.1-18-1        "
"[40] gplots_3.0.1          ggplot2_3.0.0         digest_0.6.16        "
"[43] stringi_1.2.4         dplyr_0.7.6           ggrepel_0.8.0        "
"[46] grid_3.5.0            rprojroot_1.3-2       bitops_1.0-6         "
"[49] tools_3.5.0           magrittr_1.5          lazyeval_0.2.1       "
"[52] tibble_1.4.2          randomForest_4.6-14   crayon_1.3.4         "
"[55] tidyr_0.8.1           pkgconfig_2.0.2       MASS_7.3-50          "
"[58] Matrix_1.2-14         data.table_1.11.4     assertthat_0.2.0     "
"[61] minqa_1.2.4           rmarkdown_1.10        iterators_1.0.10     "
"[64] R6_2.2.2              nlme_3.1-137          compiler_3.5.0       "
" "
" "
"MSstatsTMT - protein.summarization function"
" "
"Method for protein summarization : MedianPolish"
"Normalization between MS runs : TRUE"
