"R.version.4.0.4..2021.02.15."
"Platform: x86_64-apple-darwin17.0 (64-bit)"
"Running under: macOS Big Sur 10.16"
"Matrix products: default"
"BLAS:   /Library/Frameworks/R.framework/Versions/4.0/Resources/lib/libRblas.dylib"
"LAPACK: /Library/Frameworks/R.framework/Versions/4.0/Resources/lib/libRlapack.dylib"
"locale:"
"[1] en_US.UTF-8/en_US.UTF-8/en_US.UTF-8/C/en_US.UTF-8/en_US.UTF-8"
"attached base packages:"
"[1] stats     graphics  grDevices utils     datasets  methods   base     "
"other attached packages:"
"[1] MSstatsTMT_1.9.3"
"loaded via a namespace (and not attached):"
" [1] httr_1.4.2            tidyr_1.1.3           bit64_4.0.5          "
" [4] splines_4.0.4         foreach_1.5.1         gtools_3.8.2         "
" [7] assertthat_0.2.1      statmod_1.4.35        yaml_2.2.1           "
"[10] ggrepel_0.9.1         numDeriv_2016.8-1.1   pillar_1.5.0         "
"[13] backports_1.2.1       lattice_0.20-41       glue_1.4.2           "
"[16] limma_3.46.0          doSNOW_1.0.19         digest_0.6.27        "
"[19] minqa_1.2.4           colorspace_2.0-0      plyr_1.8.6           "
"[22] htmltools_0.5.1.1     preprocessCore_1.52.1 Matrix_1.3-2         "
"[25] pkgconfig_2.0.3       broom_0.7.5           purrr_0.3.4          "
"[28] scales_1.1.1          snow_0.4-3            whisker_0.4          "
"[31] downlit_0.2.1         lme4_1.1-26           tibble_3.1.0         "
"[34] generics_0.1.0        ggplot2_3.3.3         ellipsis_0.3.1       "
"[37] cachem_1.0.4          withr_2.4.1           survival_3.2-7       "
"[40] magrittr_2.0.1        crayon_1.4.1          memoise_2.0.0        "
"[43] evaluate_0.14         fs_1.5.0              fansi_0.4.2          "
"[46] nlme_3.1-152          MASS_7.3-53.1         gplots_3.1.1         "
"[49] xml2_1.3.2            textshaping_0.3.3     tools_4.0.4          "
"[52] data.table_1.14.0     matrixStats_0.58.0    minpack.lm_1.2-1     "
"[55] lifecycle_1.0.0       stringr_1.4.0         munsell_0.5.0        "
"[58] MSstats_3.22.1        compiler_4.0.4        pkgdown_1.6.1        "
"[61] systemfonts_1.0.1     caTools_1.18.1        rlang_0.4.10         "
"[64] grid_4.0.4            nloptr_1.2.2.2        iterators_1.0.13     "
"[67] rstudioapi_0.13       marray_1.68.0         bitops_1.0-6         "
"[70] rmarkdown_2.7         boot_1.3-27           gtable_0.3.0         "
"[73] codetools_0.2-18      lmerTest_3.1-3        DBI_1.1.1            "
"[76] curl_4.3              reshape2_1.4.4        R6_2.5.0             "
"[79] knitr_1.31            dplyr_1.0.4           bit_4.0.4            "
"[82] fastmap_1.1.0         utf8_1.1.4            rprojroot_2.0.2      "
"[85] ragg_1.1.2            KernSmooth_2.23-18    desc_1.2.0           "
"[88] stringi_1.5.3         parallel_4.0.4        Rcpp_1.0.6           "
"[91] vctrs_0.3.6           tidyselect_1.1.0      xfun_0.21            "
" "
" "
"MSstats - dataProcess function"
" "
"The required input : provided - okay"
"summaryMethod : TMP"
"cutoffCensored : minFeature"
"censoredInt : NA"
"New input format : made new columns for analysis - okay"
"Logarithm transformation: log2 transformation is done - okay"
"fillIncompleteRows = TRUE"
"Balanced data format with NA for missing feature intensities - okay"
"Factorize in columns(GROUP, SUBJECT, GROUP_ORIGINAL, 
	                                  SUBJECT_ORIGINAL, SUBJECT_ORIGINAL_NESTED, FEATURE, RUN) - okay"
"Normalization : no normalization - okay"
"** Use all features that the dataset origianally has."
"1 level of Isotope type labeling in this experiment"
"Summary of Features :"
"# of Protein : 10"
"# of Peptides/Protein : 3-29"
"# of Transitions/Peptide : 1-1"
"Summary of Missingness :"
"  # transitions are completely missing in at least one of the conditions : 1"
"    -> "
"[K].qQQDQVDr.[N]_2_NA_NA"
" ..."
"  # run with 75% missing observations: 0"
"Processing data for analysis is done. - okay"
"the summarization per subplot is done.- okay : TMP"
